<?xml version="1.0" encoding="UTF-8"?>
<!-- Generated by org.testng.reporters.JUnitReportReporter -->
<testsuite hostname="LAPTOP-TDGIVOT8" failures="0" tests="1" name="com.spectate.testcases.VerifySearchResultText" time="2.768" errors="0" timestamp="10 Nov 2019 22:55:26 GMT" skipped="0">
  <testcase classname="com.spectate.testcases.VerifySearchResultText" name="verifySearchText" time="2.768"/>
</testsuite> <!-- com.spectate.testcases.VerifySearchResultText -->
